0 verbose cli [
0 verbose cli   'C:\\Program Files\\nodejs\\node.exe',
0 verbose cli   'C:\\Program Files\\nodejs\\node_modules\\npm\\bin\\npm-cli.js',
0 verbose cli   'prefix',
0 verbose cli   '-g'
0 verbose cli ]
1 info using npm@8.5.5
2 info using node@v16.15.0
3 timing npm:load:whichnode Completed in 0ms
4 timing config:load:defaults Completed in 1ms
5 timing config:load:file:C:\Program Files\nodejs\node_modules\npm\npmrc Completed in 5ms
6 timing config:load:builtin Completed in 6ms
7 timing config:load:cli Completed in 2ms
8 verbose config auth-type This method of SSO/SAML/OAuth is deprecated and will be removed in
8 verbose config a future version of npm in favor of web-based login.
9 verbose config cache-max This option has been deprecated in favor of `--prefer-online`
10 verbose config cache-min This option has been deprecated in favor of `--prefer-offline`.
11 verbose config optional Use `--omit=optional` to exclude optional dependencies, or
11 verbose config `--include=optional` to include them.
11 verbose config
11 verbose config     Default value does install optional deps unless otherwise omitted.
12 verbose config shrinkwrap Use the --package-lock setting instead.
13 verbose config sso-poll-frequency The --auth-type method of SSO/SAML/OAuth will be removed in a future
13 verbose config version of npm in favor of web-based login.
14 verbose config sso-type The --auth-type method of SSO/SAML/OAuth will be removed in a future
14 verbose config version of npm in favor of web-based login.
15 verbose config tmp This setting is no longer used.  npm stores temporary files in a special
15 verbose config location in the cache, and they are managed by
15 verbose config     [`cacache`](http://npm.im/cacache).
16 timing config:load:env Completed in 5ms
17 timing config:load:project Completed in 1ms
18 timing config:load:file:C:\Users\Forta Plano de Saúde\.npmrc Completed in 0ms
19 timing config:load:user Completed in 0ms
20 timing config:load:file:C:\Users\Forta Plano de Saúde\AppData\Roaming\npm\etc\npmrc Completed in 1ms
21 timing config:load:global Completed in 1ms
22 timing config:load:validate Completed in 2ms
23 timing config:load:credentials Completed in 0ms
24 timing config:load:setEnvs Completed in 1ms
25 timing config:load Completed in 19ms
26 timing npm:load:configload Completed in 19ms
27 timing npm:load:setTitle Completed in 0ms
28 timing config:load:flatten Completed in 3ms
29 timing npm:load:display Completed in 4ms
30 verbose logfile C:\ferrari-nextjs\api\tmpnodejsnpm-cache\_logs\2022-10-30T16_12_07_247Z-debug-0.log
31 timing npm:load:logFile Completed in 18ms
32 timing npm:load:timers Completed in 0ms
33 timing npm:load:configScope Completed in 0ms
34 timing npm:load Completed in 42ms
35 timing command:prefix Completed in 2ms
36 verbose exit 0
37 timing npm Completed in 219ms
38 info ok
