0 verbose cli [
0 verbose cli   'C:\\Program Files\\nodejs\\node.exe',
0 verbose cli   'C:\\Program Files\\nodejs\\node_modules\\npm\\bin\\npm-cli.js',
0 verbose cli   'view',
0 verbose cli   '--json',
0 verbose cli   'date-fns',
0 verbose cli   'description',
0 verbose cli   'dist-tags.latest',
0 verbose cli   'homepage',
0 verbose cli   'version'
0 verbose cli ]
1 info using npm@8.5.5
2 info using node@v16.15.0
3 timing npm:load:whichnode Completed in 0ms
4 timing config:load:defaults Completed in 1ms
5 timing config:load:file:C:\Program Files\nodejs\node_modules\npm\npmrc Completed in 7ms
6 timing config:load:builtin Completed in 7ms
7 timing config:load:cli Completed in 2ms
8 timing config:load:env Completed in 0ms
9 timing config:load:file:c:\ferrari-nextjs\nextjs\.npmrc Completed in 0ms
10 timing config:load:project Completed in 2ms
11 timing config:load:file:C:\Users\Forta Plano de Saúde\.npmrc Completed in 0ms
12 timing config:load:user Completed in 0ms
13 timing config:load:file:C:\Users\Forta Plano de Saúde\AppData\Roaming\npm\etc\npmrc Completed in 0ms
14 timing config:load:global Completed in 1ms
15 timing config:load:validate Completed in 0ms
16 timing config:load:credentials Completed in 0ms
17 timing config:load:setEnvs Completed in 0ms
18 timing config:load Completed in 14ms
19 timing npm:load:configload Completed in 15ms
20 timing npm:load:setTitle Completed in 0ms
21 timing config:load:flatten Completed in 2ms
22 timing npm:load:display Completed in 3ms
23 verbose logfile C:\ferrari-nextjs\nextjs\tmpnodejsnpm-cache\_logs\2022-11-10T09_59_44_623Z-debug-0.log
24 timing npm:load:logFile Completed in 5ms
25 timing npm:load:timers Completed in 0ms
26 timing npm:load:configScope Completed in 0ms
27 timing npm:load Completed in 24ms
28 silly logfile start cleaning logs, removing 29 files
29 http fetch GET 200 https://registry.npmjs.org/npm 320ms (cache updated)
30 http fetch GET 200 https://registry.npmjs.org/date-fns 1130ms (cache miss)
31 timing command:view Completed in 1145ms
32 notice
32 notice New major version of npm available! 8.5.5 -> 9.1.1
32 notice Changelog: <https://github.com/npm/cli/releases/tag/v9.1.1>
32 notice Run `npm install -g npm@9.1.1` to update!
32 notice
33 verbose exit 0
34 timing npm Completed in 1378ms
35 info ok
