0 info it worked if it ends with ok
1 verbose cli [
1 verbose cli   'C:\\Program Files\\nodejs\\node.exe',
1 verbose cli   'C:\\Users\\Forta Plano de Saúde\\AppData\\Roaming\\npm\\node_modules\\npm\\bin\\npm-cli.js',
1 verbose cli   'run',
1 verbose cli   'dev'
1 verbose cli ]
2 info using npm@6.14.10
3 info using node@v16.15.0
4 verbose run-script [ 'predev', 'dev', 'postdev' ]
5 info lifecycle nextjs@0.1.0~predev: nextjs@0.1.0
6 info lifecycle nextjs@0.1.0~dev: nextjs@0.1.0
7 verbose lifecycle nextjs@0.1.0~dev: unsafe-perm in lifecycle true
8 verbose lifecycle nextjs@0.1.0~dev: PATH: C:\Users\Forta Plano de Saúde\AppData\Roaming\npm\node_modules\npm\node_modules\npm-lifecycle\node-gyp-bin;C:\front-end-react-developer-boilerplate\nextjs\node_modules\.bin;C:\Program Files\Git\mingw64\bin;C:\Program Files\Git\usr\bin;C:\Users\Forta Plano de Saúde\bin;C:\Python310\Scripts;C:\Python310;C:\Python39\Scripts;C:\Python39;C:\Windows\system32;C:\Windows;C:\Windows\System32\Wbem;C:\Windows\System32\WindowsPowerShell\v1.0;C:\Windows\System32\OpenSSH;C:\ProgramData\chocolatey\bin;C:\sqlite3;C:\Program Files\nodejs;C:\Program Files\Git\cmd;C:\Users\Forta Plano de Saúde\AppData\Local\Microsoft\WindowsApps;C:\Users\Forta Plano de Saúde\AppData\Local\Programs\Microsoft VS Code\bin;C:\Users\Forta Plano de Saúde\AppData\Roaming\npm
9 verbose lifecycle nextjs@0.1.0~dev: CWD: C:\front-end-react-developer-boilerplate\nextjs
10 silly lifecycle nextjs@0.1.0~dev: Args: [ '/d /s /c', 'next dev' ]
11 timing npm Completed in 1786030ms
12 error cb() never called!
13 error This is an error with npm itself. Please report this error at:
14 error <https://npm.community>
